 crypto git:(W-18780118) ✗ make test
cargo:rerun-if-changed=definition/gcl.yaml
   Compiling crypto v1.0.1 (/Users/mpanetta/PDK/github/pdk-custom-policy-examples/crypto)
    Finished `release` profile [optimized] target(s) in 2.97s
   Compiling libz-sys v1.1.14
   Compiling hyper v0.14.28
   Compiling basic-cookies v0.1.5
   Compiling binstring v0.1.1
   Compiling hmac-sha1-compact v1.1.4
   Compiling opaque-debug v0.3.0
   Compiling thiserror v2.0.12
   Compiling bollard-stubs v1.47.1-rc.27.3.1
   Compiling miniz_oxide v0.7.1
   Compiling nom v7.1.3
   Compiling async-std v1.12.0
   Compiling hyperlocal v0.9.1
   Compiling const_format v0.2.34
   Compiling jwt-compact v0.8.0
   Compiling polyval v0.6.1
   Compiling system-configuration-sys v0.5.0
   Compiling jwt-simple v0.11.9
   Compiling crc32fast v1.4.0
   Compiling tokio-native-tls v0.3.1
   Compiling derive_builder v0.20.0
   Compiling p256 v0.11.1
   Compiling p384 v0.11.2
   Compiling sluice v0.5.5
   Compiling pem v3.0.3
   Compiling lock-lib v1.4.0 (registry `anypoint`)
   Compiling tracing-futures v0.2.5
   Compiling wildcard v0.2.0
   Compiling xattr v1.3.1
   Compiling itertools v0.12.0
   Compiling filetime v0.2.23
   Compiling base64 v0.13.1
   Compiling castaway v0.1.2
   Compiling unicode-segmentation v1.11.0
   Compiling jwt-lib v1.4.0 (registry `anypoint`)
   Compiling tar v0.4.40
   Compiling contracts-lib v1.4.0 (registry `anypoint`)
   Compiling flate2 v1.0.30
   Compiling convert_case v0.6.0
   Compiling ghash v0.5.0
   Compiling system-configuration v0.5.1
   Compiling aes v0.8.3
   Compiling async-object-pool v0.1.4
   Compiling ctr v0.9.2
   Compiling docker_credential v1.3.1
   Compiling versions v6.1.0
   Compiling pdk-flex-abi v1.4.0 (registry `anypoint`)
   Compiling cache-lib v1.4.0 (registry `anypoint`)
   Compiling aead v0.5.2
   Compiling serde_regex v1.1.0
   Compiling assert-json-diff v2.0.2
   Compiling levenshtein v1.0.5
   Compiling similar v2.4.0
   Compiling cors-lib v1.4.0 (registry `anypoint`)
   Compiling ipnet v2.9.0
   Compiling aes-gcm v0.10.3
   Compiling pdk v1.4.0 (registry `anypoint`)
   Compiling hyper-tls v0.5.0
   Compiling reqwest v0.11.23
warning: libz-sys@1.1.14: In file included from src/zlib/adler32.c:8:
warning: libz-sys@1.1.14: src/zlib/zutil.h:170:11: warning: 'OS_CODE' macro redefined [-Wmacro-redefined]
warning: libz-sys@1.1.14:   170 | #  define OS_CODE 19
warning: libz-sys@1.1.14:       |           ^
warning: libz-sys@1.1.14: src/zlib/zutil.h:141:11: note: previous definition is here
warning: libz-sys@1.1.14:   141 | #  define OS_CODE  7
warning: libz-sys@1.1.14:       |           ^
warning: libz-sys@1.1.14: 1 warning generated.
warning: libz-sys@1.1.14: In file included from src/zlib/crc32.c:30:
warning: libz-sys@1.1.14: src/zlib/zutil.h:170:11: warning: 'OS_CODE' macro redefined [-Wmacro-redefined]
warning: libz-sys@1.1.14:   170 | #  define OS_CODE 19
warning: libz-sys@1.1.14:       |           ^
warning: libz-sys@1.1.14: src/zlib/zutil.h:141:11: note: previous definition is here
warning: libz-sys@1.1.14:   141 | #  define OS_CODE  7
warning: libz-sys@1.1.14:       |           ^
warning: libz-sys@1.1.14: 1 warning generated.
warning: libz-sys@1.1.14: In file included from src/zlib/deflate.c:52:
warning: libz-sys@1.1.14: In file included from src/zlib/deflate.h:16:
warning: libz-sys@1.1.14: src/zlib/zutil.h:170:11: warning: 'OS_CODE' macro redefined [-Wmacro-redefined]
warning: libz-sys@1.1.14:   170 | #  define OS_CODE 19
warning: libz-sys@1.1.14:       |           ^
warning: libz-sys@1.1.14: src/zlib/zutil.h:141:11: note: previous definition is here
warning: libz-sys@1.1.14:   141 | #  define OS_CODE  7
warning: libz-sys@1.1.14:       |           ^
warning: libz-sys@1.1.14: 1 warning generated.
warning: libz-sys@1.1.14: In file included from src/zlib/infback.c:13:
warning: libz-sys@1.1.14: src/zlib/zutil.h:170:11: warning: 'OS_CODE' macro redefined [-Wmacro-redefined]
warning: libz-sys@1.1.14:   170 | #  define OS_CODE 19
warning: libz-sys@1.1.14:       |           ^
warning: libz-sys@1.1.14: src/zlib/zutil.h:141:11: note: previous definition is here
warning: libz-sys@1.1.14:   141 | #  define OS_CODE  7
warning: libz-sys@1.1.14:       |           ^
warning: libz-sys@1.1.14: 1 warning generated.
warning: libz-sys@1.1.14: In file included from src/zlib/inffast.c:6:
warning: libz-sys@1.1.14: src/zlib/zutil.h:170:11: warning: 'OS_CODE' macro redefined [-Wmacro-redefined]
warning: libz-sys@1.1.14:   170 | #  define OS_CODE 19
warning: libz-sys@1.1.14:       |           ^
warning: libz-sys@1.1.14: src/zlib/zutil.h:141:11: note: previous definition is here
warning: libz-sys@1.1.14:   141 | #  define OS_CODE  7
warning: libz-sys@1.1.14:       |           ^
warning: libz-sys@1.1.14: 1 warning generated.
warning: libz-sys@1.1.14: In file included from src/zlib/inflate.c:83:
warning: libz-sys@1.1.14: src/zlib/zutil.h:170:11: warning: 'OS_CODE' macro redefined [-Wmacro-redefined]
warning: libz-sys@1.1.14:   170 | #  define OS_CODE 19
warning: libz-sys@1.1.14:       |           ^
warning: libz-sys@1.1.14: src/zlib/zutil.h:141:11: note: previous definition is here
warning: libz-sys@1.1.14:   141 | #  define OS_CODE  7
warning: libz-sys@1.1.14:       |           ^
warning: libz-sys@1.1.14: 1 warning generated.
warning: libz-sys@1.1.14: In file included from src/zlib/inftrees.c:6:
warning: libz-sys@1.1.14: src/zlib/zutil.h:170:11: warning: 'OS_CODE' macro redefined [-Wmacro-redefined]
warning: libz-sys@1.1.14:   170 | #  define OS_CODE 19
warning: libz-sys@1.1.14:       |           ^
warning: libz-sys@1.1.14: src/zlib/zutil.h:141:11: note: previous definition is here
warning: libz-sys@1.1.14:   141 | #  define OS_CODE  7
warning: libz-sys@1.1.14:       |           ^
warning: libz-sys@1.1.14: 1 warning generated.
warning: libz-sys@1.1.14: In file included from src/zlib/trees.c:37:
warning: libz-sys@1.1.14: In file included from src/zlib/deflate.h:16:
warning: libz-sys@1.1.14: src/zlib/zutil.h:170:11: warning: 'OS_CODE' macro redefined [-Wmacro-redefined]
warning: libz-sys@1.1.14:   170 | #  define OS_CODE 19
warning: libz-sys@1.1.14:       |           ^
warning: libz-sys@1.1.14: src/zlib/zutil.h:141:11: note: previous definition is here
warning: libz-sys@1.1.14:   141 | #  define OS_CODE  7
warning: libz-sys@1.1.14:       |           ^
warning: libz-sys@1.1.14: 1 warning generated.
warning: libz-sys@1.1.14: In file included from src/zlib/zutil.c:8:
warning: libz-sys@1.1.14: src/zlib/zutil.h:170:11: warning: 'OS_CODE' macro redefined [-Wmacro-redefined]
warning: libz-sys@1.1.14:   170 | #  define OS_CODE 19
warning: libz-sys@1.1.14:       |           ^
warning: libz-sys@1.1.14: src/zlib/zutil.h:141:11: note: previous definition is here
warning: libz-sys@1.1.14:   141 | #  define OS_CODE  7
warning: libz-sys@1.1.14:       |           ^
warning: libz-sys@1.1.14: In file included from src/zlib/zutil.c:10:
warning: libz-sys@1.1.14: In file included from src/zlib/gzguts.h:20:
warning: libz-sys@1.1.14: In file included from /Library/Developer/CommandLineTools/SDKs/MacOSX.sdk/usr/include/stdio.h:61:
warning: libz-sys@1.1.14: /Library/Developer/CommandLineTools/SDKs/MacOSX.sdk/usr/include/_stdio.h:318:7: error: expected identifier or '('
warning: libz-sys@1.1.14:   318 | FILE    *fdopen(int, const char *) __DARWIN_ALIAS_STARTING(__MAC_10_6, __IPHONE_2_0, __DARWIN_ALIAS(fdopen));
warning: libz-sys@1.1.14:       |          ^
warning: libz-sys@1.1.14: src/zlib/zutil.h:147:33: note: expanded from macro 'fdopen'
warning: libz-sys@1.1.14:   147 | #        define fdopen(fd,mode) NULL /* No fdopen() */
warning: libz-sys@1.1.14:       |                                 ^
warning: libz-sys@1.1.14: /Library/Developer/CommandLineTools/usr/lib/clang/17/include/__stddef_null.h:26:16: note: expanded from macro 'NULL'
warning: libz-sys@1.1.14:    26 | #define NULL ((void*)0)
warning: libz-sys@1.1.14:       |                ^
warning: libz-sys@1.1.14: In file included from src/zlib/zutil.c:10:
warning: libz-sys@1.1.14: In file included from src/zlib/gzguts.h:20:
warning: libz-sys@1.1.14: In file included from /Library/Developer/CommandLineTools/SDKs/MacOSX.sdk/usr/include/stdio.h:61:
warning: libz-sys@1.1.14: /Library/Developer/CommandLineTools/SDKs/MacOSX.sdk/usr/include/_stdio.h:318:7: error: expected ')'
warning: libz-sys@1.1.14: src/zlib/zutil.h:147:33: note: expanded from macro 'fdopen'
warning: libz-sys@1.1.14:   147 | #        define fdopen(fd,mode) NULL /* No fdopen() */
warning: libz-sys@1.1.14:       |                                 ^
warning: libz-sys@1.1.14: /Library/Developer/CommandLineTools/usr/lib/clang/17/include/__stddef_null.h:26:16: note: expanded from macro 'NULL'
warning: libz-sys@1.1.14:    26 | #define NULL ((void*)0)
warning: libz-sys@1.1.14:       |                ^
warning: libz-sys@1.1.14: /Library/Developer/CommandLineTools/SDKs/MacOSX.sdk/usr/include/_stdio.h:318:7: note: to match this '('
warning: libz-sys@1.1.14: src/zlib/zutil.h:147:33: note: expanded from macro 'fdopen'
warning: libz-sys@1.1.14:   147 | #        define fdopen(fd,mode) NULL /* No fdopen() */
warning: libz-sys@1.1.14:       |                                 ^
warning: libz-sys@1.1.14: /Library/Developer/CommandLineTools/usr/lib/clang/17/include/__stddef_null.h:26:15: note: expanded from macro 'NULL'
warning: libz-sys@1.1.14:    26 | #define NULL ((void*)0)
warning: libz-sys@1.1.14:       |               ^
warning: libz-sys@1.1.14: In file included from src/zlib/zutil.c:10:
warning: libz-sys@1.1.14: In file included from src/zlib/gzguts.h:20:
warning: libz-sys@1.1.14: In file included from /Library/Developer/CommandLineTools/SDKs/MacOSX.sdk/usr/include/stdio.h:61:
warning: libz-sys@1.1.14: /Library/Developer/CommandLineTools/SDKs/MacOSX.sdk/usr/include/_stdio.h:318:7: error: expected ')'
warning: libz-sys@1.1.14:   318 | FILE    *fdopen(int, const char *) __DARWIN_ALIAS_STARTING(__MAC_10_6, __IPHONE_2_0, __DARWIN_ALIAS(fdopen));
warning: libz-sys@1.1.14:       |          ^
warning: libz-sys@1.1.14: src/zlib/zutil.h:147:33: note: expanded from macro 'fdopen'
warning: libz-sys@1.1.14:   147 | #        define fdopen(fd,mode) NULL /* No fdopen() */
warning: libz-sys@1.1.14:       |                                 ^
warning: libz-sys@1.1.14: /Library/Developer/CommandLineTools/usr/lib/clang/17/include/__stddef_null.h:26:22: note: expanded from macro 'NULL'
warning: libz-sys@1.1.14:    26 | #define NULL ((void*)0)
warning: libz-sys@1.1.14:       |                      ^
warning: libz-sys@1.1.14: /Library/Developer/CommandLineTools/SDKs/MacOSX.sdk/usr/include/_stdio.h:318:7: note: to match this '('
warning: libz-sys@1.1.14: src/zlib/zutil.h:147:33: note: expanded from macro 'fdopen'
warning: libz-sys@1.1.14:   147 | #        define fdopen(fd,mode) NULL /* No fdopen() */
warning: libz-sys@1.1.14:       |                                 ^
warning: libz-sys@1.1.14: /Library/Developer/CommandLineTools/usr/lib/clang/17/include/__stddef_null.h:26:14: note: expanded from macro 'NULL'
warning: libz-sys@1.1.14:    26 | #define NULL ((void*)0)
warning: libz-sys@1.1.14:       |              ^
warning: libz-sys@1.1.14: 1 warning and 3 errors generated.
error: failed to run custom build command for `libz-sys v1.1.14`

Caused by:
  process didn't exit successfully: `/Users/mpanetta/PDK/github/pdk-custom-policy-examples/crypto/target/debug/build/libz-sys-535f288b4bde91aa/build-script-build` (exit status: 1)
  --- stdout
  cargo:rerun-if-env-changed=LIBZ_SYS_STATIC
  cargo:rerun-if-changed=build.rs
  cargo:rerun-if-env-changed=ZLIB_NO_PKG_CONFIG
  cargo:rerun-if-env-changed=PKG_CONFIG_aarch64-apple-darwin
  cargo:rerun-if-env-changed=PKG_CONFIG_aarch64_apple_darwin
  cargo:rerun-if-env-changed=HOST_PKG_CONFIG
  cargo:rerun-if-env-changed=PKG_CONFIG
  cargo:rerun-if-env-changed=ZLIB_STATIC
  cargo:rerun-if-env-changed=ZLIB_DYNAMIC
  cargo:rerun-if-env-changed=PKG_CONFIG_ALL_STATIC
  cargo:rerun-if-env-changed=PKG_CONFIG_ALL_DYNAMIC
  cargo:rerun-if-env-changed=PKG_CONFIG_PATH_aarch64-apple-darwin
  cargo:rerun-if-env-changed=PKG_CONFIG_PATH_aarch64_apple_darwin
  cargo:rerun-if-env-changed=HOST_PKG_CONFIG_PATH
  cargo:rerun-if-env-changed=PKG_CONFIG_PATH
  cargo:rerun-if-env-changed=PKG_CONFIG_LIBDIR_aarch64-apple-darwin
  cargo:rerun-if-env-changed=PKG_CONFIG_LIBDIR_aarch64_apple_darwin
  cargo:rerun-if-env-changed=HOST_PKG_CONFIG_LIBDIR
  cargo:rerun-if-env-changed=PKG_CONFIG_LIBDIR
  cargo:rerun-if-env-changed=PKG_CONFIG_SYSROOT_DIR_aarch64-apple-darwin
  cargo:rerun-if-env-changed=PKG_CONFIG_SYSROOT_DIR_aarch64_apple_darwin
  cargo:rerun-if-env-changed=HOST_PKG_CONFIG_SYSROOT_DIR
  cargo:rerun-if-env-changed=PKG_CONFIG_SYSROOT_DIR
  cargo:rerun-if-env-changed=ZLIB_STATIC
  cargo:rerun-if-env-changed=ZLIB_DYNAMIC
  cargo:rerun-if-env-changed=PKG_CONFIG_ALL_STATIC
  cargo:rerun-if-env-changed=PKG_CONFIG_ALL_DYNAMIC
  cargo:rerun-if-env-changed=PKG_CONFIG_PATH_aarch64-apple-darwin
  cargo:rerun-if-env-changed=PKG_CONFIG_PATH_aarch64_apple_darwin
  cargo:rerun-if-env-changed=HOST_PKG_CONFIG_PATH
  cargo:rerun-if-env-changed=PKG_CONFIG_PATH
  cargo:rerun-if-env-changed=PKG_CONFIG_LIBDIR_aarch64-apple-darwin
  cargo:rerun-if-env-changed=PKG_CONFIG_LIBDIR_aarch64_apple_darwin
  cargo:rerun-if-env-changed=HOST_PKG_CONFIG_LIBDIR
  cargo:rerun-if-env-changed=PKG_CONFIG_LIBDIR
  cargo:rerun-if-env-changed=PKG_CONFIG_SYSROOT_DIR_aarch64-apple-darwin
  cargo:rerun-if-env-changed=PKG_CONFIG_SYSROOT_DIR_aarch64_apple_darwin
  cargo:rerun-if-env-changed=HOST_PKG_CONFIG_SYSROOT_DIR
  cargo:rerun-if-env-changed=PKG_CONFIG_SYSROOT_DIR
  cargo-warning=Could not run `PKG_CONFIG_ALLOW_SYSTEM_CFLAGS=1 pkg-config --libs --cflags zlib`
  The pkg-config command could not be found.

  Most likely, you need to install a pkg-config package for your OS.
  Try `brew install pkg-config` if you have Homebrew.

  If you've already installed it, ensure the pkg-config command is one of the
  directories in the PATH environment variable.

  If you did not expect this build to link to a pre-installed system library,
  then check documentation of the libz-sys crate for an option to
  build the library from source, or disable features or dependencies
  that require pkg-config.
  OPT_LEVEL = Some("0")
  TARGET = Some("aarch64-apple-darwin")
  HOST = Some("aarch64-apple-darwin")
  cargo:rerun-if-env-changed=CC_aarch64-apple-darwin
  CC_aarch64-apple-darwin = None
  cargo:rerun-if-env-changed=CC_aarch64_apple_darwin
  CC_aarch64_apple_darwin = None
  cargo:rerun-if-env-changed=HOST_CC
  HOST_CC = None
  cargo:rerun-if-env-changed=CC
  CC = None
  cargo:rerun-if-env-changed=CRATE_CC_NO_DEFAULTS
  CRATE_CC_NO_DEFAULTS = None
  DEBUG = Some("true")
  CARGO_CFG_TARGET_FEATURE = Some("aes,crc,dit,dotprod,dpb,dpb2,fcma,fhm,flagm,fp16,frintts,jsconv,lor,lse,neon,paca,pacg,pan,pmuv3,ras,rcpc,rcpc2,rdm,sb,sha2,sha3,ssbs,vh")
  cargo:rerun-if-env-changed=CFLAGS_aarch64-apple-darwin
  CFLAGS_aarch64-apple-darwin = None
  cargo:rerun-if-env-changed=CFLAGS_aarch64_apple_darwin
  CFLAGS_aarch64_apple_darwin = None
  cargo:rerun-if-env-changed=HOST_CFLAGS
  HOST_CFLAGS = None
  cargo:rerun-if-env-changed=CFLAGS
  CFLAGS = None
  running "cc" "-O0" "-ffunction-sections" "-fdata-sections" "-fPIC" "-gdwarf-2" "-fno-omit-frame-pointer" "-arch" "arm64" "-Wall" "-Wextra" "src/smoke.c" "-o" "/dev/null" "-lz"
  running: env -u IPHONEOS_DEPLOYMENT_TARGET "cc" "-O0" "-ffunction-sections" "-fdata-sections" "-fPIC" "-gdwarf-2" "-fno-omit-frame-pointer" "-arch" "arm64" "-I" "src/zlib" "-fvisibility=hidden" "-DSTDC" "-D_LARGEFILE64_SOURCE" "-D_POSIX_SOURCE" "-D_C99_SOURCE" "-o" "/Users/mpanetta/PDK/github/pdk-custom-policy-examples/crypto/target/debug/build/libz-sys-5b8774159f51be43/out/lib/src/zlib/adler32.o" "-c" "src/zlib/adler32.c"
  cargo:warning=In file included from src/zlib/adler32.c:8:

  cargo:warning=src/zlib/zutil.h:170:11: warning: 'OS_CODE' macro redefined [-Wmacro-redefined]

  cargo:warning=  170 | #  define OS_CODE 19

  cargo:warning=      |           ^

  cargo:warning=src/zlib/zutil.h:141:11: note: previous definition is here

  cargo:warning=  141 | #  define OS_CODE  7

  cargo:warning=      |           ^

  cargo:warning=1 warning generated.

  exit status: 0
  running: env -u IPHONEOS_DEPLOYMENT_TARGET "cc" "-O0" "-ffunction-sections" "-fdata-sections" "-fPIC" "-gdwarf-2" "-fno-omit-frame-pointer" "-arch" "arm64" "-I" "src/zlib" "-fvisibility=hidden" "-DSTDC" "-D_LARGEFILE64_SOURCE" "-D_POSIX_SOURCE" "-D_C99_SOURCE" "-o" "/Users/mpanetta/PDK/github/pdk-custom-policy-examples/crypto/target/debug/build/libz-sys-5b8774159f51be43/out/lib/src/zlib/compress.o" "-c" "src/zlib/compress.c"
  exit status: 0
  running: env -u IPHONEOS_DEPLOYMENT_TARGET "cc" "-O0" "-ffunction-sections" "-fdata-sections" "-fPIC" "-gdwarf-2" "-fno-omit-frame-pointer" "-arch" "arm64" "-I" "src/zlib" "-fvisibility=hidden" "-DSTDC" "-D_LARGEFILE64_SOURCE" "-D_POSIX_SOURCE" "-D_C99_SOURCE" "-o" "/Users/mpanetta/PDK/github/pdk-custom-policy-examples/crypto/target/debug/build/libz-sys-5b8774159f51be43/out/lib/src/zlib/crc32.o" "-c" "src/zlib/crc32.c"
  cargo:warning=In file included from src/zlib/crc32.c:30:

  cargo:warning=src/zlib/zutil.h:170:11: warning: 'OS_CODE' macro redefined [-Wmacro-redefined]

  cargo:warning=  170 | #  define OS_CODE 19

  cargo:warning=      |           ^

  cargo:warning=src/zlib/zutil.h:141:11: note: previous definition is here

  cargo:warning=  141 | #  define OS_CODE  7

  cargo:warning=      |           ^

  cargo:warning=1 warning generated.

  exit status: 0
  running: env -u IPHONEOS_DEPLOYMENT_TARGET "cc" "-O0" "-ffunction-sections" "-fdata-sections" "-fPIC" "-gdwarf-2" "-fno-omit-frame-pointer" "-arch" "arm64" "-I" "src/zlib" "-fvisibility=hidden" "-DSTDC" "-D_LARGEFILE64_SOURCE" "-D_POSIX_SOURCE" "-D_C99_SOURCE" "-o" "/Users/mpanetta/PDK/github/pdk-custom-policy-examples/crypto/target/debug/build/libz-sys-5b8774159f51be43/out/lib/src/zlib/deflate.o" "-c" "src/zlib/deflate.c"
  cargo:warning=In file included from src/zlib/deflate.c:52:

  cargo:warning=In file included from src/zlib/deflate.h:16:

  cargo:warning=src/zlib/zutil.h:170:11: warning: 'OS_CODE' macro redefined [-Wmacro-redefined]

  cargo:warning=  170 | #  define OS_CODE 19

  cargo:warning=      |           ^

  cargo:warning=src/zlib/zutil.h:141:11: note: previous definition is here

  cargo:warning=  141 | #  define OS_CODE  7

  cargo:warning=      |           ^

  cargo:warning=1 warning generated.

  exit status: 0
  running: env -u IPHONEOS_DEPLOYMENT_TARGET "cc" "-O0" "-ffunction-sections" "-fdata-sections" "-fPIC" "-gdwarf-2" "-fno-omit-frame-pointer" "-arch" "arm64" "-I" "src/zlib" "-fvisibility=hidden" "-DSTDC" "-D_LARGEFILE64_SOURCE" "-D_POSIX_SOURCE" "-D_C99_SOURCE" "-o" "/Users/mpanetta/PDK/github/pdk-custom-policy-examples/crypto/target/debug/build/libz-sys-5b8774159f51be43/out/lib/src/zlib/infback.o" "-c" "src/zlib/infback.c"
  cargo:warning=In file included from src/zlib/infback.c:13:

  cargo:warning=src/zlib/zutil.h:170:11: warning: 'OS_CODE' macro redefined [-Wmacro-redefined]

  cargo:warning=  170 | #  define OS_CODE 19

  cargo:warning=      |           ^

  cargo:warning=src/zlib/zutil.h:141:11: note: previous definition is here

  cargo:warning=  141 | #  define OS_CODE  7

  cargo:warning=      |           ^

  cargo:warning=1 warning generated.

  exit status: 0
  running: env -u IPHONEOS_DEPLOYMENT_TARGET "cc" "-O0" "-ffunction-sections" "-fdata-sections" "-fPIC" "-gdwarf-2" "-fno-omit-frame-pointer" "-arch" "arm64" "-I" "src/zlib" "-fvisibility=hidden" "-DSTDC" "-D_LARGEFILE64_SOURCE" "-D_POSIX_SOURCE" "-D_C99_SOURCE" "-o" "/Users/mpanetta/PDK/github/pdk-custom-policy-examples/crypto/target/debug/build/libz-sys-5b8774159f51be43/out/lib/src/zlib/inffast.o" "-c" "src/zlib/inffast.c"
  cargo:warning=In file included from src/zlib/inffast.c:6:

  cargo:warning=src/zlib/zutil.h:170:11: warning: 'OS_CODE' macro redefined [-Wmacro-redefined]

  cargo:warning=  170 | #  define OS_CODE 19

  cargo:warning=      |           ^

  cargo:warning=src/zlib/zutil.h:141:11: note: previous definition is here

  cargo:warning=  141 | #  define OS_CODE  7

  cargo:warning=      |           ^

  cargo:warning=1 warning generated.

  exit status: 0
  running: env -u IPHONEOS_DEPLOYMENT_TARGET "cc" "-O0" "-ffunction-sections" "-fdata-sections" "-fPIC" "-gdwarf-2" "-fno-omit-frame-pointer" "-arch" "arm64" "-I" "src/zlib" "-fvisibility=hidden" "-DSTDC" "-D_LARGEFILE64_SOURCE" "-D_POSIX_SOURCE" "-D_C99_SOURCE" "-o" "/Users/mpanetta/PDK/github/pdk-custom-policy-examples/crypto/target/debug/build/libz-sys-5b8774159f51be43/out/lib/src/zlib/inflate.o" "-c" "src/zlib/inflate.c"
  cargo:warning=In file included from src/zlib/inflate.c:83:

  cargo:warning=src/zlib/zutil.h:170:11: warning: 'OS_CODE' macro redefined [-Wmacro-redefined]

  cargo:warning=  170 | #  define OS_CODE 19

  cargo:warning=      |           ^

  cargo:warning=src/zlib/zutil.h:141:11: note: previous definition is here

  cargo:warning=  141 | #  define OS_CODE  7

  cargo:warning=      |           ^

  cargo:warning=1 warning generated.

  exit status: 0
  running: env -u IPHONEOS_DEPLOYMENT_TARGET "cc" "-O0" "-ffunction-sections" "-fdata-sections" "-fPIC" "-gdwarf-2" "-fno-omit-frame-pointer" "-arch" "arm64" "-I" "src/zlib" "-fvisibility=hidden" "-DSTDC" "-D_LARGEFILE64_SOURCE" "-D_POSIX_SOURCE" "-D_C99_SOURCE" "-o" "/Users/mpanetta/PDK/github/pdk-custom-policy-examples/crypto/target/debug/build/libz-sys-5b8774159f51be43/out/lib/src/zlib/inftrees.o" "-c" "src/zlib/inftrees.c"
  cargo:warning=In file included from src/zlib/inftrees.c:6:

  cargo:warning=src/zlib/zutil.h:170:11: warning: 'OS_CODE' macro redefined [-Wmacro-redefined]

  cargo:warning=  170 | #  define OS_CODE 19

  cargo:warning=      |           ^

  cargo:warning=src/zlib/zutil.h:141:11: note: previous definition is here

  cargo:warning=  141 | #  define OS_CODE  7

  cargo:warning=      |           ^

  cargo:warning=1 warning generated.

  exit status: 0
  running: env -u IPHONEOS_DEPLOYMENT_TARGET "cc" "-O0" "-ffunction-sections" "-fdata-sections" "-fPIC" "-gdwarf-2" "-fno-omit-frame-pointer" "-arch" "arm64" "-I" "src/zlib" "-fvisibility=hidden" "-DSTDC" "-D_LARGEFILE64_SOURCE" "-D_POSIX_SOURCE" "-D_C99_SOURCE" "-o" "/Users/mpanetta/PDK/github/pdk-custom-policy-examples/crypto/target/debug/build/libz-sys-5b8774159f51be43/out/lib/src/zlib/trees.o" "-c" "src/zlib/trees.c"
  cargo:warning=In file included from src/zlib/trees.c:37:

  cargo:warning=In file included from src/zlib/deflate.h:16:

  cargo:warning=src/zlib/zutil.h:170:11: warning: 'OS_CODE' macro redefined [-Wmacro-redefined]

  cargo:warning=  170 | #  define OS_CODE 19

  cargo:warning=      |           ^

  cargo:warning=src/zlib/zutil.h:141:11: note: previous definition is here

  cargo:warning=  141 | #  define OS_CODE  7

  cargo:warning=      |           ^

  cargo:warning=1 warning generated.

  exit status: 0
  running: env -u IPHONEOS_DEPLOYMENT_TARGET "cc" "-O0" "-ffunction-sections" "-fdata-sections" "-fPIC" "-gdwarf-2" "-fno-omit-frame-pointer" "-arch" "arm64" "-I" "src/zlib" "-fvisibility=hidden" "-DSTDC" "-D_LARGEFILE64_SOURCE" "-D_POSIX_SOURCE" "-D_C99_SOURCE" "-o" "/Users/mpanetta/PDK/github/pdk-custom-policy-examples/crypto/target/debug/build/libz-sys-5b8774159f51be43/out/lib/src/zlib/uncompr.o" "-c" "src/zlib/uncompr.c"
  exit status: 0
  running: env -u IPHONEOS_DEPLOYMENT_TARGET "cc" "-O0" "-ffunction-sections" "-fdata-sections" "-fPIC" "-gdwarf-2" "-fno-omit-frame-pointer" "-arch" "arm64" "-I" "src/zlib" "-fvisibility=hidden" "-DSTDC" "-D_LARGEFILE64_SOURCE" "-D_POSIX_SOURCE" "-D_C99_SOURCE" "-o" "/Users/mpanetta/PDK/github/pdk-custom-policy-examples/crypto/target/debug/build/libz-sys-5b8774159f51be43/out/lib/src/zlib/zutil.o" "-c" "src/zlib/zutil.c"
  cargo:warning=In file included from src/zlib/zutil.c:8:

  cargo:warning=src/zlib/zutil.h:170:11: warning: 'OS_CODE' macro redefined [-Wmacro-redefined]

  cargo:warning=  170 | #  define OS_CODE 19

  cargo:warning=      |           ^

  cargo:warning=src/zlib/zutil.h:141:11: note: previous definition is here

  cargo:warning=  141 | #  define OS_CODE  7

  cargo:warning=      |           ^

  cargo:warning=In file included from src/zlib/zutil.c:10:

  cargo:warning=In file included from src/zlib/gzguts.h:20:

  cargo:warning=In file included from /Library/Developer/CommandLineTools/SDKs/MacOSX.sdk/usr/include/stdio.h:61:

  cargo:warning=/Library/Developer/CommandLineTools/SDKs/MacOSX.sdk/usr/include/_stdio.h:318:7: error: expected identifier or '('

  cargo:warning=  318 | FILE    *fdopen(int, const char *) __DARWIN_ALIAS_STARTING(__MAC_10_6, __IPHONE_2_0, __DARWIN_ALIAS(fdopen));

  cargo:warning=      |          ^

  cargo:warning=src/zlib/zutil.h:147:33: note: expanded from macro 'fdopen'

  cargo:warning=  147 | #        define fdopen(fd,mode) NULL /* No fdopen() */

  cargo:warning=      |                                 ^

  cargo:warning=/Library/Developer/CommandLineTools/usr/lib/clang/17/include/__stddef_null.h:26:16: note: expanded from macro 'NULL'

  cargo:warning=   26 | #define NULL ((void*)0)

  cargo:warning=      |                ^

  cargo:warning=In file included from src/zlib/zutil.c:10:

  cargo:warning=In file included from src/zlib/gzguts.h:20:

  cargo:warning=In file included from /Library/Developer/CommandLineTools/SDKs/MacOSX.sdk/usr/include/stdio.h:61:

  cargo:warning=/Library/Developer/CommandLineTools/SDKs/MacOSX.sdk/usr/include/_stdio.h:318:7: error: expected ')'

  cargo:warning=src/zlib/zutil.h:147:33: note: expanded from macro 'fdopen'

  cargo:warning=  147 | #        define fdopen(fd,mode) NULL /* No fdopen() */

  cargo:warning=      |                                 ^

  cargo:warning=/Library/Developer/CommandLineTools/usr/lib/clang/17/include/__stddef_null.h:26:16: note: expanded from macro 'NULL'

  cargo:warning=   26 | #define NULL ((void*)0)

  cargo:warning=      |                ^

  cargo:warning=/Library/Developer/CommandLineTools/SDKs/MacOSX.sdk/usr/include/_stdio.h:318:7: note: to match this '('

  cargo:warning=src/zlib/zutil.h:147:33: note: expanded from macro 'fdopen'

  cargo:warning=  147 | #        define fdopen(fd,mode) NULL /* No fdopen() */

  cargo:warning=      |                                 ^

  cargo:warning=/Library/Developer/CommandLineTools/usr/lib/clang/17/include/__stddef_null.h:26:15: note: expanded from macro 'NULL'

  cargo:warning=   26 | #define NULL ((void*)0)

  cargo:warning=      |               ^

  cargo:warning=In file included from src/zlib/zutil.c:10:

  cargo:warning=In file included from src/zlib/gzguts.h:20:

  cargo:warning=In file included from /Library/Developer/CommandLineTools/SDKs/MacOSX.sdk/usr/include/stdio.h:61:

  cargo:warning=/Library/Developer/CommandLineTools/SDKs/MacOSX.sdk/usr/include/_stdio.h:318:7: error: expected ')'

  cargo:warning=  318 | FILE    *fdopen(int, const char *) __DARWIN_ALIAS_STARTING(__MAC_10_6, __IPHONE_2_0, __DARWIN_ALIAS(fdopen));

  cargo:warning=      |          ^

  cargo:warning=src/zlib/zutil.h:147:33: note: expanded from macro 'fdopen'

  cargo:warning=  147 | #        define fdopen(fd,mode) NULL /* No fdopen() */

  cargo:warning=      |                                 ^

  cargo:warning=/Library/Developer/CommandLineTools/usr/lib/clang/17/include/__stddef_null.h:26:22: note: expanded from macro 'NULL'

  cargo:warning=   26 | #define NULL ((void*)0)

  cargo:warning=      |                      ^

  cargo:warning=/Library/Developer/CommandLineTools/SDKs/MacOSX.sdk/usr/include/_stdio.h:318:7: note: to match this '('

  cargo:warning=src/zlib/zutil.h:147:33: note: expanded from macro 'fdopen'

  cargo:warning=  147 | #        define fdopen(fd,mode) NULL /* No fdopen() */

  cargo:warning=      |                                 ^

  cargo:warning=/Library/Developer/CommandLineTools/usr/lib/clang/17/include/__stddef_null.h:26:14: note: expanded from macro 'NULL'

  cargo:warning=   26 | #define NULL ((void*)0)

  cargo:warning=      |              ^

  cargo:warning=1 warning and 3 errors generated.

  exit status: 1

  --- stderr
  src/smoke.c:4:10: warning: cast to smaller integer type 'int' from 'uLong (*)(uLong, const Bytef *, uInt)' (aka 'unsigned long (*)(unsigned long, const unsigned char *, unsigned int)') [-Wpointer-to-int-cast]
      4 |   return (int) adler32;
        |          ^~~~~~~~~~~~~
  1 warning generated.
  ld: warning: search path '/usr/local/lib' is not a directory
  error: cannot parse the debug map for '/dev/null': The file was not recognized as a valid object file
  clang: error: dsymutil command failed with exit code 1 (use -v to see invocation)


  error occurred: Command env -u IPHONEOS_DEPLOYMENT_TARGET "cc" "-O0" "-ffunction-sections" "-fdata-sections" "-fPIC" "-gdwarf-2" "-fno-omit-frame-pointer" "-arch" "arm64" "-I" "src/zlib" "-fvisibility=hidden" "-DSTDC" "-D_LARGEFILE64_SOURCE" "-D_POSIX_SOURCE" "-D_C99_SOURCE" "-o" "/Users/mpanetta/PDK/github/pdk-custom-policy-examples/crypto/target/debug/build/libz-sys-5b8774159f51be43/out/lib/src/zlib/zutil.o" "-c" "src/zlib/zutil.c" with args "cc" did not execute successfully (status code exit status: 1).


warning: build failed, waiting for other jobs to finish...
make: *** [test] Error 101
➜  crypto git:(W-18780118) ✗ 
